2023-07-09 02:00:12,007 - localpack.map_producer - INFO - Starting my_geocoder function
2023-07-09 02:00:12,007 - localpack.map_producer - DEBUG - Found DACH, running zones codes
2023-07-09 02:00:12,007 - localpack.map_producer - DEBUG - Executing try block
2023-07-09 02:00:12,008 - localpack.map_producer - DEBUG - Using geolocator to get location
2023-07-09 02:00:12,102 - localpack.map_producer - DEBUG - Got location
2023-07-09 02:00:12,102 - localpack.map_producer - DEBUG - Getting location point
2023-07-09 02:02:42,512 - localpack.map_producer - INFO - Starting my_geocoder function
2023-07-09 02:02:42,513 - localpack.map_producer - DEBUG - Found DACH, running zones codes
2023-07-09 02:02:42,513 - localpack.map_producer - DEBUG - Executing try block
2023-07-09 02:02:42,513 - localpack.map_producer - DEBUG - Using geolocator to get location
2023-07-09 02:02:42,633 - localpack.map_producer - DEBUG - Got location
2023-07-09 02:02:42,633 - localpack.map_producer - DEBUG - Getting location point
2023-07-09 02:02:46,361 - localpack.map_producer - INFO - Starting my_geocoder function
2023-07-09 02:02:46,361 - localpack.map_producer - DEBUG - Found DACH, running zones codes
2023-07-09 02:02:46,362 - localpack.map_producer - DEBUG - Executing try block
2023-07-09 02:02:46,362 - localpack.map_producer - DEBUG - Using geolocator to get location
2023-07-09 02:02:46,408 - localpack.map_producer - DEBUG - Got location
2023-07-09 02:02:46,409 - localpack.map_producer - DEBUG - Getting location point
2023-07-09 02:03:30,494 - localpack.map_producer - INFO - Starting my_geocoder function
2023-07-09 02:03:30,495 - localpack.map_producer - DEBUG - Found DACH, running zones codes
2023-07-09 02:03:30,495 - localpack.map_producer - DEBUG - Executing try block
2023-07-09 02:03:30,495 - localpack.map_producer - DEBUG - Using geolocator to get location
2023-07-09 02:03:30,596 - localpack.map_producer - DEBUG - Got location
2023-07-09 02:03:30,596 - localpack.map_producer - DEBUG - Getting location point
2023-07-09 02:07:59,152 - localpack.map_producer - INFO - Starting my_geocoder function
2023-07-09 02:07:59,152 - localpack.map_producer - DEBUG - Found DACH, running zones codes
2023-07-09 02:07:59,153 - localpack.map_producer - DEBUG - Executing try block
2023-07-09 02:07:59,153 - localpack.map_producer - DEBUG - Using geolocator to get location
2023-07-09 02:07:59,267 - localpack.map_producer - DEBUG - Got location
2023-07-09 02:07:59,268 - localpack.map_producer - DEBUG - Getting location point lat
2023-07-09 02:13:50,005 - localpack.map_producer - INFO - Starting my_geocoder function
2023-07-09 02:13:50,006 - localpack.map_producer - DEBUG - Found DACH, running zones codes
2023-07-09 02:13:50,123 - localpack.map_producer - INFO - Starting my_geocoder function
2023-07-09 02:13:50,123 - localpack.map_producer - DEBUG - Found DACH, running zones codes
2023-07-09 02:13:50,710 - localpack.map_producer - INFO - Starting my_geocoder function
2023-07-09 02:13:50,710 - localpack.map_producer - DEBUG - Found DACH, running zones codes
2023-07-09 02:13:51,123 - localpack.map_producer - INFO - Starting my_geocoder function
2023-07-09 02:13:51,123 - localpack.map_producer - DEBUG - Found DACH, running zones codes
2023-07-09 02:13:51,637 - localpack.map_producer - INFO - Starting my_geocoder function
2023-07-09 02:13:51,637 - localpack.map_producer - DEBUG - Found DACH, running zones codes
2023-07-09 02:13:52,130 - localpack.map_producer - INFO - Starting my_geocoder function
2023-07-09 02:13:52,131 - localpack.map_producer - DEBUG - Found DACH, running zones codes
2023-07-09 02:13:52,631 - localpack.map_producer - INFO - Starting my_geocoder function
2023-07-09 02:13:52,632 - localpack.map_producer - DEBUG - Found DACH, running zones codes
2023-07-09 02:13:53,170 - localpack.map_producer - INFO - Starting my_geocoder function
2023-07-09 02:13:53,170 - localpack.map_producer - DEBUG - Found DACH, running zones codes
2023-07-09 02:13:53,632 - localpack.map_producer - INFO - Starting my_geocoder function
2023-07-09 02:13:53,633 - localpack.map_producer - DEBUG - Found DACH, running zones codes
2023-07-09 02:13:54,194 - localpack.map_producer - INFO - Starting my_geocoder function
2023-07-09 02:13:54,195 - localpack.map_producer - DEBUG - Found DACH, running zones codes
2023-07-09 02:13:54,705 - localpack.map_producer - INFO - Starting my_geocoder function
2023-07-09 02:13:54,706 - localpack.map_producer - DEBUG - Found DACH, running zones codes
2023-07-09 02:13:55,133 - localpack.map_producer - INFO - Starting my_geocoder function
2023-07-09 02:13:55,133 - localpack.map_producer - DEBUG - Found DACH, running zones codes
2023-07-09 02:13:55,729 - localpack.map_producer - INFO - Starting my_geocoder function
2023-07-09 02:13:55,729 - localpack.map_producer - DEBUG - Found DACH, running zones codes
2023-07-09 02:13:56,240 - localpack.map_producer - INFO - Starting my_geocoder function
2023-07-09 02:13:56,240 - localpack.map_producer - DEBUG - Found DACH, running zones codes
2023-07-09 02:13:56,650 - localpack.map_producer - INFO - Starting my_geocoder function
2023-07-09 02:13:56,651 - localpack.map_producer - DEBUG - Found DACH, running zones codes
2023-07-09 02:13:57,159 - localpack.map_producer - INFO - Starting my_geocoder function
2023-07-09 02:13:57,160 - localpack.map_producer - DEBUG - Found DACH, running zones codes
2023-07-09 02:13:57,676 - localpack.map_producer - INFO - Starting my_geocoder function
2023-07-09 02:13:57,676 - localpack.map_producer - DEBUG - Found DACH, running zones codes
2023-07-09 02:13:58,190 - localpack.map_producer - INFO - Starting my_geocoder function
2023-07-09 02:13:58,191 - localpack.map_producer - DEBUG - Found DACH, running zones codes
2023-07-09 02:13:58,700 - localpack.map_producer - INFO - Starting my_geocoder function
2023-07-09 02:13:58,700 - localpack.map_producer - DEBUG - Found DACH, running zones codes
2023-07-09 02:13:59,210 - localpack.map_producer - INFO - Starting my_geocoder function
2023-07-09 02:13:59,211 - localpack.map_producer - DEBUG - Found DACH, running zones codes
2023-07-09 02:13:59,632 - localpack.map_producer - INFO - Starting my_geocoder function
2023-07-09 02:13:59,632 - localpack.map_producer - DEBUG - Found DACH, running zones codes
2023-07-09 02:14:00,137 - localpack.map_producer - INFO - Starting my_geocoder function
2023-07-09 02:14:00,138 - localpack.map_producer - DEBUG - Found DACH, running zones codes
2023-07-09 02:14:00,649 - localpack.map_producer - INFO - Starting my_geocoder function
2023-07-09 02:14:00,650 - localpack.map_producer - DEBUG - Found DACH, running zones codes
2023-07-09 02:14:01,160 - localpack.map_producer - INFO - Starting my_geocoder function
2023-07-09 02:14:01,161 - localpack.map_producer - DEBUG - Found DACH, running zones codes
2023-07-09 02:14:01,674 - localpack.map_producer - INFO - Starting my_geocoder function
2023-07-09 02:14:01,675 - localpack.map_producer - DEBUG - Found DACH, running zones codes
2023-07-09 02:14:02,177 - localpack.map_producer - INFO - Starting my_geocoder function
2023-07-09 02:14:02,178 - localpack.map_producer - DEBUG - Found DACH, running zones codes
2023-07-09 02:14:02,689 - localpack.map_producer - INFO - Starting my_geocoder function
2023-07-09 02:14:02,689 - localpack.map_producer - DEBUG - Found DACH, running zones codes
2023-07-09 02:14:03,126 - localpack.map_producer - INFO - Starting my_geocoder function
2023-07-09 02:14:03,127 - localpack.map_producer - DEBUG - Found DACH, running zones codes
2023-07-09 02:14:03,716 - localpack.map_producer - INFO - Starting my_geocoder function
2023-07-09 02:14:03,717 - localpack.map_producer - DEBUG - Found DACH, running zones codes
2023-07-09 02:14:04,133 - localpack.map_producer - INFO - Starting my_geocoder function
2023-07-09 02:14:04,133 - localpack.map_producer - DEBUG - Found DACH, running zones codes
2023-07-09 02:14:04,635 - localpack.map_producer - INFO - Starting my_geocoder function
2023-07-09 02:14:04,635 - localpack.map_producer - DEBUG - Found DACH, running zones codes
2023-07-09 02:14:05,130 - localpack.map_producer - INFO - Starting my_geocoder function
2023-07-09 02:14:05,131 - localpack.map_producer - DEBUG - Found DACH, running zones codes
2023-07-09 02:14:05,659 - localpack.map_producer - INFO - Starting my_geocoder function
2023-07-09 02:14:05,660 - localpack.map_producer - DEBUG - Found DACH, running zones codes
2023-07-09 02:14:06,178 - localpack.map_producer - INFO - Starting my_geocoder function
2023-07-09 02:14:06,178 - localpack.map_producer - DEBUG - Found DACH, running zones codes
2023-07-09 02:14:06,636 - localpack.map_producer - INFO - Starting my_geocoder function
2023-07-09 02:14:06,636 - localpack.map_producer - DEBUG - Found DACH, running zones codes
2023-07-09 02:14:07,198 - localpack.map_producer - INFO - Starting my_geocoder function
2023-07-09 02:14:07,198 - localpack.map_producer - DEBUG - Found DACH, running zones codes
2023-07-09 02:14:07,628 - localpack.map_producer - INFO - Starting my_geocoder function
2023-07-09 02:14:07,628 - localpack.map_producer - DEBUG - Found DACH, running zones codes
2023-07-09 02:14:08,221 - localpack.map_producer - INFO - Starting my_geocoder function
2023-07-09 02:14:08,221 - localpack.map_producer - DEBUG - Found DACH, running zones codes
2023-07-09 02:14:08,638 - localpack.map_producer - INFO - Starting my_geocoder function
2023-07-09 02:14:08,638 - localpack.map_producer - DEBUG - Found DACH, running zones codes
2023-07-09 02:14:09,124 - localpack.map_producer - INFO - Starting my_geocoder function
2023-07-09 02:14:09,125 - localpack.map_producer - DEBUG - Found DACH, running zones codes
2023-07-09 02:14:09,653 - localpack.map_producer - INFO - Starting my_geocoder function
2023-07-09 02:14:09,654 - localpack.map_producer - DEBUG - Found DACH, running zones codes
2023-07-09 02:14:10,166 - localpack.map_producer - INFO - Starting my_geocoder function
2023-07-09 02:14:10,166 - localpack.map_producer - DEBUG - Found DACH, running zones codes
2023-07-09 02:14:10,680 - localpack.map_producer - INFO - Starting my_geocoder function
2023-07-09 02:14:10,680 - localpack.map_producer - DEBUG - Found DACH, running zones codes
2023-07-09 02:14:11,121 - localpack.map_producer - INFO - Starting my_geocoder function
2023-07-09 02:14:11,121 - localpack.map_producer - DEBUG - Found DACH, running zones codes
2023-07-09 02:14:11,707 - localpack.map_producer - INFO - Starting my_geocoder function
2023-07-09 02:14:11,707 - localpack.map_producer - DEBUG - Found DACH, running zones codes
2023-07-09 02:14:12,218 - localpack.map_producer - INFO - Starting my_geocoder function
2023-07-09 02:14:12,219 - localpack.map_producer - DEBUG - Found DACH, running zones codes
2023-07-09 02:14:12,728 - localpack.map_producer - INFO - Starting my_geocoder function
2023-07-09 02:14:12,729 - localpack.map_producer - DEBUG - Found DACH, running zones codes
2023-07-09 02:14:13,143 - localpack.map_producer - INFO - Starting my_geocoder function
2023-07-09 02:14:13,144 - localpack.map_producer - DEBUG - Found DACH, running zones codes
2023-07-09 02:14:13,623 - localpack.map_producer - INFO - Starting my_geocoder function
2023-07-09 02:14:13,623 - localpack.map_producer - DEBUG - Found DACH, running zones codes
2023-07-09 02:14:14,145 - localpack.map_producer - INFO - Starting my_geocoder function
2023-07-09 02:14:14,146 - localpack.map_producer - DEBUG - Found DACH, running zones codes
2023-07-09 02:14:14,678 - localpack.map_producer - INFO - Starting my_geocoder function
2023-07-09 02:14:14,678 - localpack.map_producer - DEBUG - Found DACH, running zones codes
2023-07-09 02:14:15,198 - localpack.map_producer - INFO - Starting my_geocoder function
2023-07-09 02:14:15,198 - localpack.map_producer - DEBUG - Found DACH, running zones codes
